2014-02-22 11:12:50,182 [main] FATAL ui.AVRSim - Encountered fatal error...
java.awt.HeadlessException: 
No X11 DISPLAY variable was set, but this program performed an operation which requires it.
	at sun.java2d.HeadlessGraphicsEnvironment.getScreenDevices(HeadlessGraphicsEnvironment.java:72)
	at org.apache.pivot.wtk.DesktopApplicationContext.main(DesktopApplicationContext.java:461)
	at org.apache.pivot.wtk.DesktopApplicationContext.main(DesktopApplicationContext.java:802)
	at ui.AVRSim.gui(AVRSim.java:44)
	at ui.AVRSim.run(AVRSim.java:78)
	at ui.Main.main(Main.java:134)
	at sun.reflect.NativeMethodAccessorImpl.invoke0(Native Method)
	at sun.reflect.NativeMethodAccessorImpl.invoke(NativeMethodAccessorImpl.java:57)
	at sun.reflect.DelegatingMethodAccessorImpl.invoke(DelegatingMethodAccessorImpl.java:43)
	at java.lang.reflect.Method.invoke(Method.java:606)
	at com.simontuffs.onejar.Boot.run(Boot.java:340)
	at com.simontuffs.onejar.Boot.main(Boot.java:166)
2014-02-22 11:13:06,533 [main] FATAL ui.AVRSim - Encountered fatal error...
java.awt.HeadlessException: 
No X11 DISPLAY variable was set, but this program performed an operation which requires it.
	at sun.java2d.HeadlessGraphicsEnvironment.getScreenDevices(HeadlessGraphicsEnvironment.java:72)
	at org.apache.pivot.wtk.DesktopApplicationContext.main(DesktopApplicationContext.java:461)
	at org.apache.pivot.wtk.DesktopApplicationContext.main(DesktopApplicationContext.java:802)
	at ui.AVRSim.gui(AVRSim.java:44)
	at ui.AVRSim.run(AVRSim.java:78)
	at ui.Main.main(Main.java:134)
	at sun.reflect.NativeMethodAccessorImpl.invoke0(Native Method)
	at sun.reflect.NativeMethodAccessorImpl.invoke(NativeMethodAccessorImpl.java:57)
	at sun.reflect.DelegatingMethodAccessorImpl.invoke(DelegatingMethodAccessorImpl.java:43)
	at java.lang.reflect.Method.invoke(Method.java:606)
	at com.simontuffs.onejar.Boot.run(Boot.java:340)
	at com.simontuffs.onejar.Boot.main(Boot.java:166)
2014-02-22 11:26:20,443 [main] FATAL ui.AVRSim - Encountered fatal error...
java.awt.HeadlessException: 
No X11 DISPLAY variable was set, but this program performed an operation which requires it.
	at sun.java2d.HeadlessGraphicsEnvironment.getScreenDevices(HeadlessGraphicsEnvironment.java:72)
	at org.apache.pivot.wtk.DesktopApplicationContext.main(DesktopApplicationContext.java:461)
	at org.apache.pivot.wtk.DesktopApplicationContext.main(DesktopApplicationContext.java:802)
	at ui.AVRSim.gui(AVRSim.java:44)
	at ui.AVRSim.run(AVRSim.java:78)
	at ui.Main.main(Main.java:134)
	at sun.reflect.NativeMethodAccessorImpl.invoke0(Native Method)
	at sun.reflect.NativeMethodAccessorImpl.invoke(NativeMethodAccessorImpl.java:57)
	at sun.reflect.DelegatingMethodAccessorImpl.invoke(DelegatingMethodAccessorImpl.java:43)
	at java.lang.reflect.Method.invoke(Method.java:606)
	at com.simontuffs.onejar.Boot.run(Boot.java:340)
	at com.simontuffs.onejar.Boot.main(Boot.java:166)
2014-02-22 12:02:46,720 [main] FATAL ui.AVRSim - Encountered fatal error...
java.awt.HeadlessException: 
No X11 DISPLAY variable was set, but this program performed an operation which requires it.
	at sun.java2d.HeadlessGraphicsEnvironment.getScreenDevices(HeadlessGraphicsEnvironment.java:72)
	at org.apache.pivot.wtk.DesktopApplicationContext.main(DesktopApplicationContext.java:461)
	at org.apache.pivot.wtk.DesktopApplicationContext.main(DesktopApplicationContext.java:802)
	at ui.AVRSim.gui(AVRSim.java:44)
	at ui.AVRSim.run(AVRSim.java:78)
	at ui.Main.main(Main.java:134)
	at sun.reflect.NativeMethodAccessorImpl.invoke0(Native Method)
	at sun.reflect.NativeMethodAccessorImpl.invoke(NativeMethodAccessorImpl.java:57)
	at sun.reflect.DelegatingMethodAccessorImpl.invoke(DelegatingMethodAccessorImpl.java:43)
	at java.lang.reflect.Method.invoke(Method.java:606)
	at com.simontuffs.onejar.Boot.run(Boot.java:340)
	at com.simontuffs.onejar.Boot.main(Boot.java:166)
2014-02-22 15:24:36,135 [main] FATAL ui.AVRSim - Encountered fatal error...
java.awt.HeadlessException: 
No X11 DISPLAY variable was set, but this program performed an operation which requires it.
	at sun.java2d.HeadlessGraphicsEnvironment.getScreenDevices(HeadlessGraphicsEnvironment.java:72)
	at org.apache.pivot.wtk.DesktopApplicationContext.main(DesktopApplicationContext.java:461)
	at org.apache.pivot.wtk.DesktopApplicationContext.main(DesktopApplicationContext.java:802)
	at ui.AVRSim.gui(AVRSim.java:44)
	at ui.AVRSim.run(AVRSim.java:78)
	at ui.Main.main(Main.java:134)
	at sun.reflect.NativeMethodAccessorImpl.invoke0(Native Method)
	at sun.reflect.NativeMethodAccessorImpl.invoke(NativeMethodAccessorImpl.java:57)
	at sun.reflect.DelegatingMethodAccessorImpl.invoke(DelegatingMethodAccessorImpl.java:43)
	at java.lang.reflect.Method.invoke(Method.java:606)
	at com.simontuffs.onejar.Boot.run(Boot.java:340)
	at com.simontuffs.onejar.Boot.main(Boot.java:166)
2014-02-22 15:25:47,227 [main] FATAL ui.AVRSim - Encountered fatal error...
java.awt.HeadlessException: 
No X11 DISPLAY variable was set, but this program performed an operation which requires it.
	at sun.java2d.HeadlessGraphicsEnvironment.getScreenDevices(HeadlessGraphicsEnvironment.java:72)
	at org.apache.pivot.wtk.DesktopApplicationContext.main(DesktopApplicationContext.java:461)
	at org.apache.pivot.wtk.DesktopApplicationContext.main(DesktopApplicationContext.java:802)
	at ui.AVRSim.gui(AVRSim.java:44)
	at ui.AVRSim.run(AVRSim.java:78)
	at ui.Main.main(Main.java:134)
	at sun.reflect.NativeMethodAccessorImpl.invoke0(Native Method)
	at sun.reflect.NativeMethodAccessorImpl.invoke(NativeMethodAccessorImpl.java:57)
	at sun.reflect.DelegatingMethodAccessorImpl.invoke(DelegatingMethodAccessorImpl.java:43)
	at java.lang.reflect.Method.invoke(Method.java:606)
	at com.simontuffs.onejar.Boot.run(Boot.java:340)
	at com.simontuffs.onejar.Boot.main(Boot.java:166)
2014-02-22 16:15:04,908 [main] FATAL ui.AVRSim - Encountered fatal error...
java.awt.HeadlessException: 
No X11 DISPLAY variable was set, but this program performed an operation which requires it.
	at sun.java2d.HeadlessGraphicsEnvironment.getScreenDevices(HeadlessGraphicsEnvironment.java:72)
	at org.apache.pivot.wtk.DesktopApplicationContext.main(DesktopApplicationContext.java:461)
	at org.apache.pivot.wtk.DesktopApplicationContext.main(DesktopApplicationContext.java:802)
	at ui.AVRSim.gui(AVRSim.java:44)
	at ui.AVRSim.run(AVRSim.java:78)
	at ui.Main.main(Main.java:134)
	at sun.reflect.NativeMethodAccessorImpl.invoke0(Native Method)
	at sun.reflect.NativeMethodAccessorImpl.invoke(NativeMethodAccessorImpl.java:57)
	at sun.reflect.DelegatingMethodAccessorImpl.invoke(DelegatingMethodAccessorImpl.java:43)
	at java.lang.reflect.Method.invoke(Method.java:606)
	at com.simontuffs.onejar.Boot.run(Boot.java:340)
	at com.simontuffs.onejar.Boot.main(Boot.java:166)
2014-02-22 16:21:54,876 [main] FATAL ui.AVRSim - Encountered fatal error...
java.awt.HeadlessException: 
No X11 DISPLAY variable was set, but this program performed an operation which requires it.
	at sun.java2d.HeadlessGraphicsEnvironment.getScreenDevices(HeadlessGraphicsEnvironment.java:72)
	at org.apache.pivot.wtk.DesktopApplicationContext.main(DesktopApplicationContext.java:461)
	at org.apache.pivot.wtk.DesktopApplicationContext.main(DesktopApplicationContext.java:802)
	at ui.AVRSim.gui(AVRSim.java:44)
	at ui.AVRSim.run(AVRSim.java:78)
	at ui.Main.main(Main.java:134)
	at sun.reflect.NativeMethodAccessorImpl.invoke0(Native Method)
	at sun.reflect.NativeMethodAccessorImpl.invoke(NativeMethodAccessorImpl.java:57)
	at sun.reflect.DelegatingMethodAccessorImpl.invoke(DelegatingMethodAccessorImpl.java:43)
	at java.lang.reflect.Method.invoke(Method.java:606)
	at com.simontuffs.onejar.Boot.run(Boot.java:340)
	at com.simontuffs.onejar.Boot.main(Boot.java:166)
2014-02-22 16:22:45,241 [main] FATAL ui.AVRSim - Encountered fatal error...
java.awt.HeadlessException: 
No X11 DISPLAY variable was set, but this program performed an operation which requires it.
	at sun.java2d.HeadlessGraphicsEnvironment.getScreenDevices(HeadlessGraphicsEnvironment.java:72)
	at org.apache.pivot.wtk.DesktopApplicationContext.main(DesktopApplicationContext.java:461)
	at org.apache.pivot.wtk.DesktopApplicationContext.main(DesktopApplicationContext.java:802)
	at ui.AVRSim.gui(AVRSim.java:44)
	at ui.AVRSim.run(AVRSim.java:78)
	at ui.Main.main(Main.java:134)
	at sun.reflect.NativeMethodAccessorImpl.invoke0(Native Method)
	at sun.reflect.NativeMethodAccessorImpl.invoke(NativeMethodAccessorImpl.java:57)
	at sun.reflect.DelegatingMethodAccessorImpl.invoke(DelegatingMethodAccessorImpl.java:43)
	at java.lang.reflect.Method.invoke(Method.java:606)
	at com.simontuffs.onejar.Boot.run(Boot.java:340)
	at com.simontuffs.onejar.Boot.main(Boot.java:166)
2014-03-11 21:26:15,028 [main] FATAL ui.AVRSim - Encountered fatal error...
java.awt.HeadlessException: 
No X11 DISPLAY variable was set, but this program performed an operation which requires it.
	at sun.java2d.HeadlessGraphicsEnvironment.getScreenDevices(HeadlessGraphicsEnvironment.java:72)
	at org.apache.pivot.wtk.DesktopApplicationContext.main(DesktopApplicationContext.java:461)
	at org.apache.pivot.wtk.DesktopApplicationContext.main(DesktopApplicationContext.java:802)
	at ui.AVRSim.gui(AVRSim.java:44)
	at ui.AVRSim.run(AVRSim.java:78)
	at ui.Main.main(Main.java:134)
	at sun.reflect.NativeMethodAccessorImpl.invoke0(Native Method)
	at sun.reflect.NativeMethodAccessorImpl.invoke(NativeMethodAccessorImpl.java:57)
	at sun.reflect.DelegatingMethodAccessorImpl.invoke(DelegatingMethodAccessorImpl.java:43)
	at java.lang.reflect.Method.invoke(Method.java:606)
	at com.simontuffs.onejar.Boot.run(Boot.java:340)
	at com.simontuffs.onejar.Boot.main(Boot.java:166)
2014-03-11 21:26:24,839 [main] FATAL ui.AVRSim - Encountered fatal error...
parse.ParseException: [38,6] Fatal parsing error
	at parse.sim_inst.report_fatal_error(sim_inst.java:616)
	at parse.sim_inst.unrecovered_syntax_error(sim_inst.java:607)
	at java_cup.runtime.lr_parser.parse(lr_parser.java:616)
	at parse.ReadAssem.getProgram(ReadAssem.java:37)
	at ui.AVRSim.loadAssemFile(AVRSim.java:67)
	at ui.AVRSim.run(AVRSim.java:76)
	at ui.Main.main(Main.java:134)
	at sun.reflect.NativeMethodAccessorImpl.invoke0(Native Method)
	at sun.reflect.NativeMethodAccessorImpl.invoke(NativeMethodAccessorImpl.java:57)
	at sun.reflect.DelegatingMethodAccessorImpl.invoke(DelegatingMethodAccessorImpl.java:43)
	at java.lang.reflect.Method.invoke(Method.java:606)
	at com.simontuffs.onejar.Boot.run(Boot.java:340)
	at com.simontuffs.onejar.Boot.main(Boot.java:166)
2014-03-11 21:30:59,810 [main] FATAL ui.AVRSim - Encountered fatal error...
parse.ParseException: [38,6] Fatal parsing error
	at parse.sim_inst.report_fatal_error(sim_inst.java:616)
	at parse.sim_inst.unrecovered_syntax_error(sim_inst.java:607)
	at java_cup.runtime.lr_parser.parse(lr_parser.java:616)
	at parse.ReadAssem.getProgram(ReadAssem.java:37)
	at ui.AVRSim.loadAssemFile(AVRSim.java:67)
	at ui.AVRSim.run(AVRSim.java:76)
	at ui.Main.main(Main.java:134)
	at sun.reflect.NativeMethodAccessorImpl.invoke0(Native Method)
	at sun.reflect.NativeMethodAccessorImpl.invoke(NativeMethodAccessorImpl.java:57)
	at sun.reflect.DelegatingMethodAccessorImpl.invoke(DelegatingMethodAccessorImpl.java:43)
	at java.lang.reflect.Method.invoke(Method.java:606)
	at com.simontuffs.onejar.Boot.run(Boot.java:340)
	at com.simontuffs.onejar.Boot.main(Boot.java:166)
2014-03-11 21:31:22,490 [main] FATAL ui.AVRSim - Encountered fatal error...
parse.ParseException: [38,6] Fatal parsing error
	at parse.sim_inst.report_fatal_error(sim_inst.java:616)
	at parse.sim_inst.unrecovered_syntax_error(sim_inst.java:607)
	at java_cup.runtime.lr_parser.parse(lr_parser.java:616)
	at parse.ReadAssem.getProgram(ReadAssem.java:37)
	at ui.AVRSim.loadAssemFile(AVRSim.java:67)
	at ui.AVRSim.run(AVRSim.java:76)
	at ui.Main.main(Main.java:134)
	at sun.reflect.NativeMethodAccessorImpl.invoke0(Native Method)
	at sun.reflect.NativeMethodAccessorImpl.invoke(NativeMethodAccessorImpl.java:57)
	at sun.reflect.DelegatingMethodAccessorImpl.invoke(DelegatingMethodAccessorImpl.java:43)
	at java.lang.reflect.Method.invoke(Method.java:606)
	at com.simontuffs.onejar.Boot.run(Boot.java:340)
	at com.simontuffs.onejar.Boot.main(Boot.java:166)
2014-03-11 21:32:01,443 [main] FATAL ui.AVRSim - Encountered fatal error...
java.awt.HeadlessException: 
No X11 DISPLAY variable was set, but this program performed an operation which requires it.
	at sun.java2d.HeadlessGraphicsEnvironment.getScreenDevices(HeadlessGraphicsEnvironment.java:72)
	at org.apache.pivot.wtk.DesktopApplicationContext.main(DesktopApplicationContext.java:461)
	at org.apache.pivot.wtk.DesktopApplicationContext.main(DesktopApplicationContext.java:802)
	at ui.AVRSim.gui(AVRSim.java:44)
	at ui.AVRSim.run(AVRSim.java:78)
	at ui.Main.main(Main.java:134)
	at sun.reflect.NativeMethodAccessorImpl.invoke0(Native Method)
	at sun.reflect.NativeMethodAccessorImpl.invoke(NativeMethodAccessorImpl.java:57)
	at sun.reflect.DelegatingMethodAccessorImpl.invoke(DelegatingMethodAccessorImpl.java:43)
	at java.lang.reflect.Method.invoke(Method.java:606)
	at com.simontuffs.onejar.Boot.run(Boot.java:340)
	at com.simontuffs.onejar.Boot.main(Boot.java:166)
2014-03-11 21:32:10,040 [main] FATAL ui.AVRSim - Encountered fatal error...
parse.ParseException: [38,6] Fatal parsing error
	at parse.sim_inst.report_fatal_error(sim_inst.java:616)
	at parse.sim_inst.unrecovered_syntax_error(sim_inst.java:607)
	at java_cup.runtime.lr_parser.parse(lr_parser.java:616)
	at parse.ReadAssem.getProgram(ReadAssem.java:37)
	at ui.AVRSim.loadAssemFile(AVRSim.java:67)
	at ui.AVRSim.run(AVRSim.java:76)
	at ui.Main.main(Main.java:134)
	at sun.reflect.NativeMethodAccessorImpl.invoke0(Native Method)
	at sun.reflect.NativeMethodAccessorImpl.invoke(NativeMethodAccessorImpl.java:57)
	at sun.reflect.DelegatingMethodAccessorImpl.invoke(DelegatingMethodAccessorImpl.java:43)
	at java.lang.reflect.Method.invoke(Method.java:606)
	at com.simontuffs.onejar.Boot.run(Boot.java:340)
	at com.simontuffs.onejar.Boot.main(Boot.java:166)
2014-03-11 21:34:00,671 [main] FATAL ui.AVRSim - Encountered fatal error...
java.awt.HeadlessException: 
No X11 DISPLAY variable was set, but this program performed an operation which requires it.
	at sun.java2d.HeadlessGraphicsEnvironment.getScreenDevices(HeadlessGraphicsEnvironment.java:72)
	at org.apache.pivot.wtk.DesktopApplicationContext.main(DesktopApplicationContext.java:461)
	at org.apache.pivot.wtk.DesktopApplicationContext.main(DesktopApplicationContext.java:802)
	at ui.AVRSim.gui(AVRSim.java:44)
	at ui.AVRSim.run(AVRSim.java:78)
	at ui.Main.main(Main.java:134)
	at sun.reflect.NativeMethodAccessorImpl.invoke0(Native Method)
	at sun.reflect.NativeMethodAccessorImpl.invoke(NativeMethodAccessorImpl.java:57)
	at sun.reflect.DelegatingMethodAccessorImpl.invoke(DelegatingMethodAccessorImpl.java:43)
	at java.lang.reflect.Method.invoke(Method.java:606)
	at com.simontuffs.onejar.Boot.run(Boot.java:340)
	at com.simontuffs.onejar.Boot.main(Boot.java:166)
2014-03-11 21:34:08,347 [main] FATAL ui.AVRSim - Encountered fatal error...
parse.ParseException: [38,6] Fatal parsing error
	at parse.sim_inst.report_fatal_error(sim_inst.java:616)
	at parse.sim_inst.unrecovered_syntax_error(sim_inst.java:607)
	at java_cup.runtime.lr_parser.parse(lr_parser.java:616)
	at parse.ReadAssem.getProgram(ReadAssem.java:37)
	at ui.AVRSim.loadAssemFile(AVRSim.java:67)
	at ui.AVRSim.run(AVRSim.java:76)
	at ui.Main.main(Main.java:134)
	at sun.reflect.NativeMethodAccessorImpl.invoke0(Native Method)
	at sun.reflect.NativeMethodAccessorImpl.invoke(NativeMethodAccessorImpl.java:57)
	at sun.reflect.DelegatingMethodAccessorImpl.invoke(DelegatingMethodAccessorImpl.java:43)
	at java.lang.reflect.Method.invoke(Method.java:606)
	at com.simontuffs.onejar.Boot.run(Boot.java:340)
	at com.simontuffs.onejar.Boot.main(Boot.java:166)
2014-03-11 21:40:17,169 [main] FATAL ui.AVRSim - Encountered fatal error...
parse.ParseException: [38,6] Fatal parsing error
	at parse.sim_inst.report_fatal_error(sim_inst.java:616)
	at parse.sim_inst.unrecovered_syntax_error(sim_inst.java:607)
	at java_cup.runtime.lr_parser.parse(lr_parser.java:616)
	at parse.ReadAssem.getProgram(ReadAssem.java:37)
	at ui.AVRSim.loadAssemFile(AVRSim.java:67)
	at ui.AVRSim.run(AVRSim.java:76)
	at ui.Main.main(Main.java:134)
	at sun.reflect.NativeMethodAccessorImpl.invoke0(Native Method)
	at sun.reflect.NativeMethodAccessorImpl.invoke(NativeMethodAccessorImpl.java:57)
	at sun.reflect.DelegatingMethodAccessorImpl.invoke(DelegatingMethodAccessorImpl.java:43)
	at java.lang.reflect.Method.invoke(Method.java:606)
	at com.simontuffs.onejar.Boot.run(Boot.java:340)
	at com.simontuffs.onejar.Boot.main(Boot.java:166)
2014-03-11 21:41:37,563 [main] FATAL ui.AVRSim - Encountered fatal error...
parse.ParseException: [38,6] Fatal parsing error
	at parse.sim_inst.report_fatal_error(sim_inst.java:616)
	at parse.sim_inst.unrecovered_syntax_error(sim_inst.java:607)
	at java_cup.runtime.lr_parser.parse(lr_parser.java:616)
	at parse.ReadAssem.getProgram(ReadAssem.java:37)
	at ui.AVRSim.loadAssemFile(AVRSim.java:67)
	at ui.AVRSim.run(AVRSim.java:76)
	at ui.Main.main(Main.java:134)
	at sun.reflect.NativeMethodAccessorImpl.invoke0(Native Method)
	at sun.reflect.NativeMethodAccessorImpl.invoke(NativeMethodAccessorImpl.java:57)
	at sun.reflect.DelegatingMethodAccessorImpl.invoke(DelegatingMethodAccessorImpl.java:43)
	at java.lang.reflect.Method.invoke(Method.java:606)
	at com.simontuffs.onejar.Boot.run(Boot.java:340)
	at com.simontuffs.onejar.Boot.main(Boot.java:166)
2014-03-11 21:43:27,171 [main] FATAL ui.AVRSim - Encountered fatal error...
parse.ParseException: [36,6] Fatal parsing error
	at parse.sim_inst.report_fatal_error(sim_inst.java:616)
	at parse.sim_inst.unrecovered_syntax_error(sim_inst.java:607)
	at java_cup.runtime.lr_parser.parse(lr_parser.java:616)
	at parse.ReadAssem.getProgram(ReadAssem.java:37)
	at ui.AVRSim.loadAssemFile(AVRSim.java:67)
	at ui.AVRSim.run(AVRSim.java:76)
	at ui.Main.main(Main.java:134)
	at sun.reflect.NativeMethodAccessorImpl.invoke0(Native Method)
	at sun.reflect.NativeMethodAccessorImpl.invoke(NativeMethodAccessorImpl.java:57)
	at sun.reflect.DelegatingMethodAccessorImpl.invoke(DelegatingMethodAccessorImpl.java:43)
	at java.lang.reflect.Method.invoke(Method.java:606)
	at com.simontuffs.onejar.Boot.run(Boot.java:340)
	at com.simontuffs.onejar.Boot.main(Boot.java:166)
2014-03-11 21:57:01,610 [main] FATAL ui.AVRSim - Encountered fatal error...
parse.ParseException: [38,6] Fatal parsing error
	at parse.sim_inst.report_fatal_error(sim_inst.java:616)
	at parse.sim_inst.unrecovered_syntax_error(sim_inst.java:607)
	at java_cup.runtime.lr_parser.parse(lr_parser.java:616)
	at parse.ReadAssem.getProgram(ReadAssem.java:37)
	at ui.AVRSim.loadAssemFile(AVRSim.java:67)
	at ui.AVRSim.run(AVRSim.java:76)
	at ui.Main.main(Main.java:134)
	at sun.reflect.NativeMethodAccessorImpl.invoke0(Native Method)
	at sun.reflect.NativeMethodAccessorImpl.invoke(NativeMethodAccessorImpl.java:57)
	at sun.reflect.DelegatingMethodAccessorImpl.invoke(DelegatingMethodAccessorImpl.java:43)
	at java.lang.reflect.Method.invoke(Method.java:606)
	at com.simontuffs.onejar.Boot.run(Boot.java:340)
	at com.simontuffs.onejar.Boot.main(Boot.java:166)
2014-03-14 10:14:05,685 [main] FATAL ui.AVRSim - Encountered fatal error...
java.awt.HeadlessException: 
No X11 DISPLAY variable was set, but this program performed an operation which requires it.
	at sun.java2d.HeadlessGraphicsEnvironment.getScreenDevices(HeadlessGraphicsEnvironment.java:72)
	at org.apache.pivot.wtk.DesktopApplicationContext.main(DesktopApplicationContext.java:461)
	at org.apache.pivot.wtk.DesktopApplicationContext.main(DesktopApplicationContext.java:802)
	at ui.AVRSim.gui(AVRSim.java:44)
	at ui.AVRSim.run(AVRSim.java:78)
	at ui.Main.main(Main.java:134)
	at sun.reflect.NativeMethodAccessorImpl.invoke0(Native Method)
	at sun.reflect.NativeMethodAccessorImpl.invoke(NativeMethodAccessorImpl.java:57)
	at sun.reflect.DelegatingMethodAccessorImpl.invoke(DelegatingMethodAccessorImpl.java:43)
	at java.lang.reflect.Method.invoke(Method.java:606)
	at com.simontuffs.onejar.Boot.run(Boot.java:340)
	at com.simontuffs.onejar.Boot.main(Boot.java:166)
2014-03-14 10:26:36,707 [main] FATAL ui.AVRSim - Encountered fatal error...
java.awt.HeadlessException: 
No X11 DISPLAY variable was set, but this program performed an operation which requires it.
	at sun.java2d.HeadlessGraphicsEnvironment.getScreenDevices(HeadlessGraphicsEnvironment.java:72)
	at org.apache.pivot.wtk.DesktopApplicationContext.main(DesktopApplicationContext.java:461)
	at org.apache.pivot.wtk.DesktopApplicationContext.main(DesktopApplicationContext.java:802)
	at ui.AVRSim.gui(AVRSim.java:44)
	at ui.AVRSim.run(AVRSim.java:78)
	at ui.Main.main(Main.java:134)
	at sun.reflect.NativeMethodAccessorImpl.invoke0(Native Method)
	at sun.reflect.NativeMethodAccessorImpl.invoke(NativeMethodAccessorImpl.java:57)
	at sun.reflect.DelegatingMethodAccessorImpl.invoke(DelegatingMethodAccessorImpl.java:43)
	at java.lang.reflect.Method.invoke(Method.java:606)
	at com.simontuffs.onejar.Boot.run(Boot.java:340)
	at com.simontuffs.onejar.Boot.main(Boot.java:166)
2014-03-14 10:28:03,951 [main] FATAL ui.AVRSim - Encountered fatal error...
java.awt.HeadlessException: 
No X11 DISPLAY variable was set, but this program performed an operation which requires it.
	at sun.java2d.HeadlessGraphicsEnvironment.getScreenDevices(HeadlessGraphicsEnvironment.java:72)
	at org.apache.pivot.wtk.DesktopApplicationContext.main(DesktopApplicationContext.java:461)
	at org.apache.pivot.wtk.DesktopApplicationContext.main(DesktopApplicationContext.java:802)
	at ui.AVRSim.gui(AVRSim.java:44)
	at ui.AVRSim.run(AVRSim.java:78)
	at ui.Main.main(Main.java:134)
	at sun.reflect.NativeMethodAccessorImpl.invoke0(Native Method)
	at sun.reflect.NativeMethodAccessorImpl.invoke(NativeMethodAccessorImpl.java:57)
	at sun.reflect.DelegatingMethodAccessorImpl.invoke(DelegatingMethodAccessorImpl.java:43)
	at java.lang.reflect.Method.invoke(Method.java:606)
	at com.simontuffs.onejar.Boot.run(Boot.java:340)
	at com.simontuffs.onejar.Boot.main(Boot.java:166)
2014-03-14 10:36:17,151 [main] FATAL ui.AVRSim - Encountered fatal error...
java.awt.HeadlessException: 
No X11 DISPLAY variable was set, but this program performed an operation which requires it.
	at sun.java2d.HeadlessGraphicsEnvironment.getScreenDevices(HeadlessGraphicsEnvironment.java:72)
	at org.apache.pivot.wtk.DesktopApplicationContext.main(DesktopApplicationContext.java:461)
	at org.apache.pivot.wtk.DesktopApplicationContext.main(DesktopApplicationContext.java:802)
	at ui.AVRSim.gui(AVRSim.java:44)
	at ui.AVRSim.run(AVRSim.java:78)
	at ui.Main.main(Main.java:134)
	at sun.reflect.NativeMethodAccessorImpl.invoke0(Native Method)
	at sun.reflect.NativeMethodAccessorImpl.invoke(NativeMethodAccessorImpl.java:57)
	at sun.reflect.DelegatingMethodAccessorImpl.invoke(DelegatingMethodAccessorImpl.java:43)
	at java.lang.reflect.Method.invoke(Method.java:606)
	at com.simontuffs.onejar.Boot.run(Boot.java:340)
	at com.simontuffs.onejar.Boot.main(Boot.java:166)
2014-03-14 10:36:25,647 [main] FATAL ui.AVRSim - Encountered fatal error...
java.lang.ArrayIndexOutOfBoundsException: 255
	at machine.MachineState.setDisplaySlate(MachineState.java:523)
	at machine.functions.FuncSetPix.exec(FuncSetPix.java:34)
	at instructions.InstrCall.execute(InstrCall.java:38)
	at instructions.Instr.executeWrapper(Instr.java:43)
	at machine.MachineState.executeInstruction(MachineState.java:321)
	at ui.AVRSim.runAssem(AVRSim.java:97)
	at ui.AVRSim.run(AVRSim.java:82)
	at ui.Main.main(Main.java:134)
	at sun.reflect.NativeMethodAccessorImpl.invoke0(Native Method)
	at sun.reflect.NativeMethodAccessorImpl.invoke(NativeMethodAccessorImpl.java:57)
	at sun.reflect.DelegatingMethodAccessorImpl.invoke(DelegatingMethodAccessorImpl.java:43)
	at java.lang.reflect.Method.invoke(Method.java:606)
	at com.simontuffs.onejar.Boot.run(Boot.java:340)
	at com.simontuffs.onejar.Boot.main(Boot.java:166)
2014-03-14 11:22:54,603 [main] FATAL ui.AVRSim - Encountered fatal error...
java.lang.ArrayIndexOutOfBoundsException: 255
	at machine.MachineState.setDisplaySlate(MachineState.java:523)
	at machine.functions.FuncSetPix.exec(FuncSetPix.java:34)
	at instructions.InstrCall.execute(InstrCall.java:38)
	at instructions.Instr.executeWrapper(Instr.java:43)
	at machine.MachineState.executeInstruction(MachineState.java:321)
	at ui.AVRSim.runAssem(AVRSim.java:97)
	at ui.AVRSim.run(AVRSim.java:82)
	at ui.Main.main(Main.java:134)
	at sun.reflect.NativeMethodAccessorImpl.invoke0(Native Method)
	at sun.reflect.NativeMethodAccessorImpl.invoke(NativeMethodAccessorImpl.java:57)
	at sun.reflect.DelegatingMethodAccessorImpl.invoke(DelegatingMethodAccessorImpl.java:43)
	at java.lang.reflect.Method.invoke(Method.java:606)
	at com.simontuffs.onejar.Boot.run(Boot.java:340)
	at com.simontuffs.onejar.Boot.main(Boot.java:166)
2014-03-14 14:10:59,333 [main] FATAL ui.AVRSim - Encountered fatal error...
java.lang.ArrayIndexOutOfBoundsException: 253
	at machine.MachineState.setDisplaySlate(MachineState.java:523)
	at machine.functions.FuncSetPix.exec(FuncSetPix.java:34)
	at instructions.InstrCall.execute(InstrCall.java:38)
	at instructions.Instr.executeWrapper(Instr.java:43)
	at machine.MachineState.executeInstruction(MachineState.java:321)
	at ui.AVRSim.runAssem(AVRSim.java:97)
	at ui.AVRSim.run(AVRSim.java:82)
	at ui.Main.main(Main.java:134)
	at sun.reflect.NativeMethodAccessorImpl.invoke0(Native Method)
	at sun.reflect.NativeMethodAccessorImpl.invoke(NativeMethodAccessorImpl.java:57)
	at sun.reflect.DelegatingMethodAccessorImpl.invoke(DelegatingMethodAccessorImpl.java:43)
	at java.lang.reflect.Method.invoke(Method.java:606)
	at com.simontuffs.onejar.Boot.run(Boot.java:340)
	at com.simontuffs.onejar.Boot.main(Boot.java:166)
2014-03-14 14:12:23,322 [main] FATAL ui.AVRSim - Encountered fatal error...
java.lang.ArrayIndexOutOfBoundsException: 253
	at machine.MachineState.setDisplaySlate(MachineState.java:523)
	at machine.functions.FuncSetPix.exec(FuncSetPix.java:34)
	at instructions.InstrCall.execute(InstrCall.java:38)
	at instructions.Instr.executeWrapper(Instr.java:43)
	at machine.MachineState.executeInstruction(MachineState.java:321)
	at ui.AVRSim.runAssem(AVRSim.java:97)
	at ui.AVRSim.run(AVRSim.java:82)
	at ui.Main.main(Main.java:134)
	at sun.reflect.NativeMethodAccessorImpl.invoke0(Native Method)
	at sun.reflect.NativeMethodAccessorImpl.invoke(NativeMethodAccessorImpl.java:57)
	at sun.reflect.DelegatingMethodAccessorImpl.invoke(DelegatingMethodAccessorImpl.java:43)
	at java.lang.reflect.Method.invoke(Method.java:606)
	at com.simontuffs.onejar.Boot.run(Boot.java:340)
	at com.simontuffs.onejar.Boot.main(Boot.java:166)
2014-03-14 14:35:44,169 [main] FATAL ui.AVRSim - Encountered fatal error...
java.lang.ArrayIndexOutOfBoundsException: 253
	at machine.MachineState.setDisplaySlate(MachineState.java:523)
	at machine.functions.FuncSetPix.exec(FuncSetPix.java:34)
	at instructions.InstrCall.execute(InstrCall.java:38)
	at instructions.Instr.executeWrapper(Instr.java:43)
	at machine.MachineState.executeInstruction(MachineState.java:321)
	at ui.AVRSim.runAssem(AVRSim.java:97)
	at ui.AVRSim.run(AVRSim.java:82)
	at ui.Main.main(Main.java:134)
	at sun.reflect.NativeMethodAccessorImpl.invoke0(Native Method)
	at sun.reflect.NativeMethodAccessorImpl.invoke(NativeMethodAccessorImpl.java:57)
	at sun.reflect.DelegatingMethodAccessorImpl.invoke(DelegatingMethodAccessorImpl.java:43)
	at java.lang.reflect.Method.invoke(Method.java:606)
	at com.simontuffs.onejar.Boot.run(Boot.java:340)
	at com.simontuffs.onejar.Boot.main(Boot.java:166)
2014-03-14 14:38:33,658 [main] FATAL ui.AVRSim - Encountered fatal error...
java.lang.ArrayIndexOutOfBoundsException: 253
	at machine.MachineState.setDisplaySlate(MachineState.java:523)
	at machine.functions.FuncSetPix.exec(FuncSetPix.java:34)
	at instructions.InstrCall.execute(InstrCall.java:38)
	at instructions.Instr.executeWrapper(Instr.java:43)
	at machine.MachineState.executeInstruction(MachineState.java:321)
	at ui.AVRSim.runAssem(AVRSim.java:97)
	at ui.AVRSim.run(AVRSim.java:82)
	at ui.Main.main(Main.java:134)
	at sun.reflect.NativeMethodAccessorImpl.invoke0(Native Method)
	at sun.reflect.NativeMethodAccessorImpl.invoke(NativeMethodAccessorImpl.java:57)
	at sun.reflect.DelegatingMethodAccessorImpl.invoke(DelegatingMethodAccessorImpl.java:43)
	at java.lang.reflect.Method.invoke(Method.java:606)
	at com.simontuffs.onejar.Boot.run(Boot.java:340)
	at com.simontuffs.onejar.Boot.main(Boot.java:166)
2014-03-14 14:43:57,089 [Thread-14] FATAL ui.components.BaseWindow - Fatal Error
java.lang.ArrayIndexOutOfBoundsException: 253
	at machine.MachineState.setDisplaySlate(MachineState.java:523)
	at machine.functions.FuncSetPix.exec(FuncSetPix.java:34)
	at instructions.InstrCall.execute(InstrCall.java:38)
	at instructions.Instr.executeWrapper(Instr.java:43)
	at machine.MachineState.executeInstruction(MachineState.java:321)
	at ui.components.BaseWindow$SimulateMachineState.executeOne(BaseWindow.java:754)
	at ui.components.BaseWindow$SimulateMachineState.execute(BaseWindow.java:712)
	at ui.components.BaseWindow$SimulateMachineState.execute(BaseWindow.java:695)
	at org.apache.pivot.util.concurrent.Task$ExecuteCallback.run(Task.java:42)
	at java.util.concurrent.Executors$RunnableAdapter.call(Executors.java:471)
	at java.util.concurrent.FutureTask.run(FutureTask.java:262)
	at java.lang.Thread.run(Thread.java:744)
2014-03-14 14:45:00,844 [main] FATAL ui.AVRSim - Encountered fatal error...
java.lang.ArrayIndexOutOfBoundsException: 23
	at machine.MachineState.setDisplaySlate(MachineState.java:523)
	at machine.functions.FuncSetPix.exec(FuncSetPix.java:34)
	at instructions.InstrCall.execute(InstrCall.java:38)
	at instructions.Instr.executeWrapper(Instr.java:43)
	at machine.MachineState.executeInstruction(MachineState.java:321)
	at ui.AVRSim.runAssem(AVRSim.java:97)
	at ui.AVRSim.run(AVRSim.java:82)
	at ui.Main.main(Main.java:134)
	at sun.reflect.NativeMethodAccessorImpl.invoke0(Native Method)
	at sun.reflect.NativeMethodAccessorImpl.invoke(NativeMethodAccessorImpl.java:57)
	at sun.reflect.DelegatingMethodAccessorImpl.invoke(DelegatingMethodAccessorImpl.java:43)
	at java.lang.reflect.Method.invoke(Method.java:606)
	at com.simontuffs.onejar.Boot.run(Boot.java:340)
	at com.simontuffs.onejar.Boot.main(Boot.java:166)
2014-03-14 14:48:01,359 [Thread-14] FATAL ui.components.BaseWindow - Fatal Error
java.lang.ArrayIndexOutOfBoundsException: 253
	at machine.MachineState.setDisplaySlate(MachineState.java:523)
	at machine.functions.FuncSetPix.exec(FuncSetPix.java:34)
	at instructions.InstrCall.execute(InstrCall.java:38)
	at instructions.Instr.executeWrapper(Instr.java:43)
	at machine.MachineState.executeInstruction(MachineState.java:321)
	at ui.components.BaseWindow$SimulateMachineState.executeOne(BaseWindow.java:754)
	at ui.components.BaseWindow$SimulateMachineState.execute(BaseWindow.java:712)
	at ui.components.BaseWindow$SimulateMachineState.execute(BaseWindow.java:695)
	at org.apache.pivot.util.concurrent.Task$ExecuteCallback.run(Task.java:42)
	at java.util.concurrent.Executors$RunnableAdapter.call(Executors.java:471)
	at java.util.concurrent.FutureTask.run(FutureTask.java:262)
	at java.lang.Thread.run(Thread.java:744)
2014-03-14 14:49:13,209 [Thread-16] FATAL ui.components.BaseWindow - Fatal Error
java.lang.ArrayIndexOutOfBoundsException: 253
	at machine.MachineState.setDisplaySlate(MachineState.java:523)
	at machine.functions.FuncSetPix.exec(FuncSetPix.java:34)
	at instructions.InstrCall.execute(InstrCall.java:38)
	at instructions.Instr.executeWrapper(Instr.java:43)
	at machine.MachineState.executeInstruction(MachineState.java:321)
	at ui.components.BaseWindow$SimulateMachineState.executeOne(BaseWindow.java:754)
	at ui.components.BaseWindow$SimulateMachineState.execute(BaseWindow.java:712)
	at ui.components.BaseWindow$SimulateMachineState.execute(BaseWindow.java:695)
	at org.apache.pivot.util.concurrent.Task$ExecuteCallback.run(Task.java:42)
	at java.util.concurrent.Executors$RunnableAdapter.call(Executors.java:471)
	at java.util.concurrent.FutureTask.run(FutureTask.java:262)
	at java.lang.Thread.run(Thread.java:744)
2014-03-14 14:49:57,422 [main] FATAL ui.AVRSim - Encountered fatal error...
java.lang.ArrayIndexOutOfBoundsException: 253
	at machine.MachineState.setDisplaySlate(MachineState.java:523)
	at machine.functions.FuncSetPix.exec(FuncSetPix.java:34)
	at instructions.InstrCall.execute(InstrCall.java:38)
	at instructions.Instr.executeWrapper(Instr.java:43)
	at machine.MachineState.executeInstruction(MachineState.java:321)
	at ui.AVRSim.runAssem(AVRSim.java:97)
	at ui.AVRSim.run(AVRSim.java:82)
	at ui.Main.main(Main.java:134)
	at sun.reflect.NativeMethodAccessorImpl.invoke0(Native Method)
	at sun.reflect.NativeMethodAccessorImpl.invoke(NativeMethodAccessorImpl.java:57)
	at sun.reflect.DelegatingMethodAccessorImpl.invoke(DelegatingMethodAccessorImpl.java:43)
	at java.lang.reflect.Method.invoke(Method.java:606)
	at com.simontuffs.onejar.Boot.run(Boot.java:340)
	at com.simontuffs.onejar.Boot.main(Boot.java:166)
2014-03-14 14:50:20,216 [main] FATAL ui.AVRSim - Encountered fatal error...
java.lang.ArrayIndexOutOfBoundsException: 253
	at machine.MachineState.setDisplaySlate(MachineState.java:523)
	at machine.functions.FuncSetPix.exec(FuncSetPix.java:34)
	at instructions.InstrCall.execute(InstrCall.java:38)
	at instructions.Instr.executeWrapper(Instr.java:43)
	at machine.MachineState.executeInstruction(MachineState.java:321)
	at ui.AVRSim.runAssem(AVRSim.java:97)
	at ui.AVRSim.run(AVRSim.java:82)
	at ui.Main.main(Main.java:134)
	at sun.reflect.NativeMethodAccessorImpl.invoke0(Native Method)
	at sun.reflect.NativeMethodAccessorImpl.invoke(NativeMethodAccessorImpl.java:57)
	at sun.reflect.DelegatingMethodAccessorImpl.invoke(DelegatingMethodAccessorImpl.java:43)
	at java.lang.reflect.Method.invoke(Method.java:606)
	at com.simontuffs.onejar.Boot.run(Boot.java:340)
	at com.simontuffs.onejar.Boot.main(Boot.java:166)
2014-03-14 14:56:37,327 [Thread-18] FATAL ui.components.BaseWindow - Fatal Error
java.lang.ArrayIndexOutOfBoundsException: 253
	at machine.MachineState.setDisplaySlate(MachineState.java:523)
	at machine.functions.FuncSetPix.exec(FuncSetPix.java:34)
	at instructions.InstrCall.execute(InstrCall.java:38)
	at instructions.Instr.executeWrapper(Instr.java:43)
	at machine.MachineState.executeInstruction(MachineState.java:321)
	at ui.components.BaseWindow$SimulateMachineState.executeOne(BaseWindow.java:754)
	at ui.components.BaseWindow$SimulateMachineState.execute(BaseWindow.java:712)
	at ui.components.BaseWindow$SimulateMachineState.execute(BaseWindow.java:695)
	at org.apache.pivot.util.concurrent.Task$ExecuteCallback.run(Task.java:42)
	at java.util.concurrent.Executors$RunnableAdapter.call(Executors.java:471)
	at java.util.concurrent.FutureTask.run(FutureTask.java:262)
	at java.lang.Thread.run(Thread.java:744)
2014-03-14 14:57:51,246 [Thread-20] FATAL ui.components.BaseWindow - Fatal Error
java.lang.ArrayIndexOutOfBoundsException: 252
	at machine.MachineState.setDisplaySlate(MachineState.java:523)
	at machine.functions.FuncSetPix.exec(FuncSetPix.java:34)
	at instructions.InstrCall.execute(InstrCall.java:38)
	at instructions.Instr.executeWrapper(Instr.java:43)
	at machine.MachineState.executeInstruction(MachineState.java:321)
	at ui.components.BaseWindow$SimulateMachineState.executeOne(BaseWindow.java:754)
	at ui.components.BaseWindow$SimulateMachineState.execute(BaseWindow.java:712)
	at ui.components.BaseWindow$SimulateMachineState.execute(BaseWindow.java:695)
	at org.apache.pivot.util.concurrent.Task$ExecuteCallback.run(Task.java:42)
	at java.util.concurrent.Executors$RunnableAdapter.call(Executors.java:471)
	at java.util.concurrent.FutureTask.run(FutureTask.java:262)
	at java.lang.Thread.run(Thread.java:744)
2014-03-14 15:00:33,887 [Thread-30] FATAL ui.components.BaseWindow - Fatal Error
java.lang.ArrayIndexOutOfBoundsException: 253
	at machine.MachineState.setDisplaySlate(MachineState.java:523)
	at machine.functions.FuncSetPix.exec(FuncSetPix.java:34)
	at instructions.InstrCall.execute(InstrCall.java:38)
	at instructions.Instr.executeWrapper(Instr.java:43)
	at machine.MachineState.executeInstruction(MachineState.java:321)
	at ui.components.BaseWindow$SimulateMachineState.executeOne(BaseWindow.java:754)
	at ui.components.BaseWindow$SimulateMachineState.execute(BaseWindow.java:712)
	at ui.components.BaseWindow$SimulateMachineState.execute(BaseWindow.java:695)
	at org.apache.pivot.util.concurrent.Task$ExecuteCallback.run(Task.java:42)
	at java.util.concurrent.Executors$RunnableAdapter.call(Executors.java:471)
	at java.util.concurrent.FutureTask.run(FutureTask.java:262)
	at java.lang.Thread.run(Thread.java:744)
2014-03-14 15:00:34,082 [Thread-31] FATAL ui.components.BaseWindow - Fatal Error
java.lang.ArrayIndexOutOfBoundsException: 253
	at machine.MachineState.setDisplaySlate(MachineState.java:523)
	at machine.functions.FuncSetPix.exec(FuncSetPix.java:34)
	at instructions.InstrCall.execute(InstrCall.java:38)
	at instructions.Instr.executeWrapper(Instr.java:43)
	at machine.MachineState.executeInstruction(MachineState.java:321)
	at ui.components.BaseWindow$SimulateMachineState.executeOne(BaseWindow.java:754)
	at ui.components.BaseWindow$SimulateMachineState.execute(BaseWindow.java:712)
	at ui.components.BaseWindow$SimulateMachineState.execute(BaseWindow.java:695)
	at org.apache.pivot.util.concurrent.Task$ExecuteCallback.run(Task.java:42)
	at java.util.concurrent.Executors$RunnableAdapter.call(Executors.java:471)
	at java.util.concurrent.FutureTask.run(FutureTask.java:262)
	at java.lang.Thread.run(Thread.java:744)
2014-03-14 15:00:34,354 [Thread-32] FATAL ui.components.BaseWindow - Fatal Error
java.lang.ArrayIndexOutOfBoundsException: 253
	at machine.MachineState.setDisplaySlate(MachineState.java:523)
	at machine.functions.FuncSetPix.exec(FuncSetPix.java:34)
	at instructions.InstrCall.execute(InstrCall.java:38)
	at instructions.Instr.executeWrapper(Instr.java:43)
	at machine.MachineState.executeInstruction(MachineState.java:321)
	at ui.components.BaseWindow$SimulateMachineState.executeOne(BaseWindow.java:754)
	at ui.components.BaseWindow$SimulateMachineState.execute(BaseWindow.java:712)
	at ui.components.BaseWindow$SimulateMachineState.execute(BaseWindow.java:695)
	at org.apache.pivot.util.concurrent.Task$ExecuteCallback.run(Task.java:42)
	at java.util.concurrent.Executors$RunnableAdapter.call(Executors.java:471)
	at java.util.concurrent.FutureTask.run(FutureTask.java:262)
	at java.lang.Thread.run(Thread.java:744)
2014-03-14 15:01:09,409 [Thread-33] FATAL ui.components.BaseWindow - Fatal Error
java.lang.ArrayIndexOutOfBoundsException: 253
	at machine.MachineState.setDisplaySlate(MachineState.java:523)
	at machine.functions.FuncSetPix.exec(FuncSetPix.java:34)
	at instructions.InstrCall.execute(InstrCall.java:38)
	at instructions.Instr.executeWrapper(Instr.java:43)
	at machine.MachineState.executeInstruction(MachineState.java:321)
	at ui.components.BaseWindow$SimulateMachineState.executeOne(BaseWindow.java:754)
	at ui.components.BaseWindow$SimulateMachineState.execute(BaseWindow.java:712)
	at ui.components.BaseWindow$SimulateMachineState.execute(BaseWindow.java:695)
	at org.apache.pivot.util.concurrent.Task$ExecuteCallback.run(Task.java:42)
	at java.util.concurrent.Executors$RunnableAdapter.call(Executors.java:471)
	at java.util.concurrent.FutureTask.run(FutureTask.java:262)
	at java.lang.Thread.run(Thread.java:744)
2014-03-14 15:04:03,680 [Thread-26] FATAL ui.components.BaseWindow - Fatal Error
java.lang.ArrayIndexOutOfBoundsException: 253
	at machine.MachineState.setDisplaySlate(MachineState.java:523)
	at machine.functions.FuncSetPix.exec(FuncSetPix.java:34)
	at instructions.InstrCall.execute(InstrCall.java:38)
	at instructions.Instr.executeWrapper(Instr.java:43)
	at machine.MachineState.executeInstruction(MachineState.java:321)
	at ui.components.BaseWindow$SimulateMachineState.executeOne(BaseWindow.java:754)
	at ui.components.BaseWindow$SimulateMachineState.execute(BaseWindow.java:712)
	at ui.components.BaseWindow$SimulateMachineState.execute(BaseWindow.java:695)
	at org.apache.pivot.util.concurrent.Task$ExecuteCallback.run(Task.java:42)
	at java.util.concurrent.Executors$RunnableAdapter.call(Executors.java:471)
	at java.util.concurrent.FutureTask.run(FutureTask.java:262)
	at java.lang.Thread.run(Thread.java:744)
2014-03-14 15:04:03,956 [Thread-27] FATAL ui.components.BaseWindow - Fatal Error
java.lang.ArrayIndexOutOfBoundsException: 253
	at machine.MachineState.setDisplaySlate(MachineState.java:523)
	at machine.functions.FuncSetPix.exec(FuncSetPix.java:34)
	at instructions.InstrCall.execute(InstrCall.java:38)
	at instructions.Instr.executeWrapper(Instr.java:43)
	at machine.MachineState.executeInstruction(MachineState.java:321)
	at ui.components.BaseWindow$SimulateMachineState.executeOne(BaseWindow.java:754)
	at ui.components.BaseWindow$SimulateMachineState.execute(BaseWindow.java:712)
	at ui.components.BaseWindow$SimulateMachineState.execute(BaseWindow.java:695)
	at org.apache.pivot.util.concurrent.Task$ExecuteCallback.run(Task.java:42)
	at java.util.concurrent.Executors$RunnableAdapter.call(Executors.java:471)
	at java.util.concurrent.FutureTask.run(FutureTask.java:262)
	at java.lang.Thread.run(Thread.java:744)
2014-03-14 15:53:52,241 [main] FATAL ui.AVRSim - Encountered fatal error...
parse.ParseException: [51,8] Fatal parsing error
	at parse.sim_inst.report_fatal_error(sim_inst.java:616)
	at parse.sim_inst.unrecovered_syntax_error(sim_inst.java:607)
	at java_cup.runtime.lr_parser.parse(lr_parser.java:616)
	at parse.ReadAssem.getProgram(ReadAssem.java:37)
	at ui.AVRSim.loadAssemFile(AVRSim.java:67)
	at ui.AVRSim.run(AVRSim.java:76)
	at ui.Main.main(Main.java:134)
	at sun.reflect.NativeMethodAccessorImpl.invoke0(Native Method)
	at sun.reflect.NativeMethodAccessorImpl.invoke(NativeMethodAccessorImpl.java:57)
	at sun.reflect.DelegatingMethodAccessorImpl.invoke(DelegatingMethodAccessorImpl.java:43)
	at java.lang.reflect.Method.invoke(Method.java:606)
	at com.simontuffs.onejar.Boot.run(Boot.java:340)
	at com.simontuffs.onejar.Boot.main(Boot.java:166)
2014-03-14 16:01:29,827 [main] FATAL ui.AVRSim - Encountered fatal error...
parse.ParseException: [50,6] Fatal parsing error
	at parse.sim_inst.report_fatal_error(sim_inst.java:616)
	at parse.sim_inst.unrecovered_syntax_error(sim_inst.java:607)
	at java_cup.runtime.lr_parser.parse(lr_parser.java:616)
	at parse.ReadAssem.getProgram(ReadAssem.java:37)
	at ui.AVRSim.loadAssemFile(AVRSim.java:67)
	at ui.AVRSim.run(AVRSim.java:76)
	at ui.Main.main(Main.java:134)
	at sun.reflect.NativeMethodAccessorImpl.invoke0(Native Method)
	at sun.reflect.NativeMethodAccessorImpl.invoke(NativeMethodAccessorImpl.java:57)
	at sun.reflect.DelegatingMethodAccessorImpl.invoke(DelegatingMethodAccessorImpl.java:43)
	at java.lang.reflect.Method.invoke(Method.java:606)
	at com.simontuffs.onejar.Boot.run(Boot.java:340)
	at com.simontuffs.onejar.Boot.main(Boot.java:166)
2014-03-14 19:40:48,419 [main] FATAL ui.AVRSim - Encountered error during runtime.
instructions.RuntimeError: Could not find label: MJ_L12
	at instructions.InstrBRNE.execute(InstrBRNE.java:26)
	at instructions.Instr.executeWrapper(Instr.java:43)
	at machine.MachineState.executeInstruction(MachineState.java:321)
	at ui.AVRSim.runAssem(AVRSim.java:97)
	at ui.AVRSim.run(AVRSim.java:82)
	at ui.Main.main(Main.java:134)
	at sun.reflect.NativeMethodAccessorImpl.invoke0(Native Method)
	at sun.reflect.NativeMethodAccessorImpl.invoke(NativeMethodAccessorImpl.java:57)
	at sun.reflect.DelegatingMethodAccessorImpl.invoke(DelegatingMethodAccessorImpl.java:43)
	at java.lang.reflect.Method.invoke(Method.java:606)
	at com.simontuffs.onejar.Boot.run(Boot.java:340)
	at com.simontuffs.onejar.Boot.main(Boot.java:166)
2014-03-14 19:43:21,180 [main] FATAL ui.AVRSim - Encountered error during runtime.
instructions.RuntimeError: Could not find label: MJ_L12
	at instructions.InstrBRNE.execute(InstrBRNE.java:26)
	at instructions.Instr.executeWrapper(Instr.java:43)
	at machine.MachineState.executeInstruction(MachineState.java:321)
	at ui.AVRSim.runAssem(AVRSim.java:97)
	at ui.AVRSim.run(AVRSim.java:82)
	at ui.Main.main(Main.java:134)
	at sun.reflect.NativeMethodAccessorImpl.invoke0(Native Method)
	at sun.reflect.NativeMethodAccessorImpl.invoke(NativeMethodAccessorImpl.java:57)
	at sun.reflect.DelegatingMethodAccessorImpl.invoke(DelegatingMethodAccessorImpl.java:43)
	at java.lang.reflect.Method.invoke(Method.java:606)
	at com.simontuffs.onejar.Boot.run(Boot.java:340)
	at com.simontuffs.onejar.Boot.main(Boot.java:166)
2014-03-14 19:43:58,482 [main] FATAL ui.AVRSim - Encountered error during runtime.
instructions.RuntimeError: Could not find label: MJ_L12
	at instructions.InstrBRNE.execute(InstrBRNE.java:26)
	at instructions.Instr.executeWrapper(Instr.java:43)
	at machine.MachineState.executeInstruction(MachineState.java:321)
	at ui.AVRSim.runAssem(AVRSim.java:97)
	at ui.AVRSim.run(AVRSim.java:82)
	at ui.Main.main(Main.java:134)
	at sun.reflect.NativeMethodAccessorImpl.invoke0(Native Method)
	at sun.reflect.NativeMethodAccessorImpl.invoke(NativeMethodAccessorImpl.java:57)
	at sun.reflect.DelegatingMethodAccessorImpl.invoke(DelegatingMethodAccessorImpl.java:43)
	at java.lang.reflect.Method.invoke(Method.java:606)
	at com.simontuffs.onejar.Boot.run(Boot.java:340)
	at com.simontuffs.onejar.Boot.main(Boot.java:166)
2014-03-14 19:46:05,938 [main] FATAL ui.AVRSim - Encountered error during runtime.
instructions.RuntimeError: Could not find label: MJ_L12
	at instructions.InstrBRNE.execute(InstrBRNE.java:26)
	at instructions.Instr.executeWrapper(Instr.java:43)
	at machine.MachineState.executeInstruction(MachineState.java:321)
	at ui.AVRSim.runAssem(AVRSim.java:97)
	at ui.AVRSim.run(AVRSim.java:82)
	at ui.Main.main(Main.java:134)
	at sun.reflect.NativeMethodAccessorImpl.invoke0(Native Method)
	at sun.reflect.NativeMethodAccessorImpl.invoke(NativeMethodAccessorImpl.java:57)
	at sun.reflect.DelegatingMethodAccessorImpl.invoke(DelegatingMethodAccessorImpl.java:43)
	at java.lang.reflect.Method.invoke(Method.java:606)
	at com.simontuffs.onejar.Boot.run(Boot.java:340)
	at com.simontuffs.onejar.Boot.main(Boot.java:166)
2014-03-15 10:54:38,403 [main] FATAL ui.AVRSim - Encountered error during runtime.
instructions.RuntimeError: Could not find label: MJ_L5
	at instructions.InstrJmp.execute(InstrJmp.java:33)
	at instructions.Instr.executeWrapper(Instr.java:43)
	at machine.MachineState.executeInstruction(MachineState.java:321)
	at ui.AVRSim.runAssem(AVRSim.java:97)
	at ui.AVRSim.run(AVRSim.java:82)
	at ui.Main.main(Main.java:134)
	at sun.reflect.NativeMethodAccessorImpl.invoke0(Native Method)
	at sun.reflect.NativeMethodAccessorImpl.invoke(NativeMethodAccessorImpl.java:57)
	at sun.reflect.DelegatingMethodAccessorImpl.invoke(DelegatingMethodAccessorImpl.java:43)
	at java.lang.reflect.Method.invoke(Method.java:606)
	at com.simontuffs.onejar.Boot.run(Boot.java:340)
	at com.simontuffs.onejar.Boot.main(Boot.java:166)
2014-03-16 21:10:31,092 [main] FATAL ui.AVRSim - Encountered fatal error...
java.lang.NullPointerException
	at parse.ReadAssem.getProgram(ReadAssem.java:37)
	at ui.AVRSim.loadAssemFile(AVRSim.java:67)
	at ui.AVRSim.run(AVRSim.java:76)
	at ui.Main.main(Main.java:134)
	at sun.reflect.NativeMethodAccessorImpl.invoke0(Native Method)
	at sun.reflect.NativeMethodAccessorImpl.invoke(NativeMethodAccessorImpl.java:57)
	at sun.reflect.DelegatingMethodAccessorImpl.invoke(DelegatingMethodAccessorImpl.java:43)
	at java.lang.reflect.Method.invoke(Method.java:606)
	at com.simontuffs.onejar.Boot.run(Boot.java:340)
	at com.simontuffs.onejar.Boot.main(Boot.java:166)
2014-03-16 21:12:10,559 [main] FATAL ui.AVRSim - Encountered fatal error...
java.lang.NullPointerException
	at parse.ReadAssem.getProgram(ReadAssem.java:37)
	at ui.AVRSim.loadAssemFile(AVRSim.java:67)
	at ui.AVRSim.run(AVRSim.java:76)
	at ui.Main.main(Main.java:134)
	at sun.reflect.NativeMethodAccessorImpl.invoke0(Native Method)
	at sun.reflect.NativeMethodAccessorImpl.invoke(NativeMethodAccessorImpl.java:57)
	at sun.reflect.DelegatingMethodAccessorImpl.invoke(DelegatingMethodAccessorImpl.java:43)
	at java.lang.reflect.Method.invoke(Method.java:606)
	at com.simontuffs.onejar.Boot.run(Boot.java:340)
	at com.simontuffs.onejar.Boot.main(Boot.java:166)
2014-03-16 21:24:38,989 [main] FATAL ui.AVRSim - Encountered fatal error...
java.lang.NullPointerException
	at parse.ReadAssem.getProgram(ReadAssem.java:37)
	at ui.AVRSim.loadAssemFile(AVRSim.java:67)
	at ui.AVRSim.run(AVRSim.java:76)
	at ui.Main.main(Main.java:134)
	at sun.reflect.NativeMethodAccessorImpl.invoke0(Native Method)
	at sun.reflect.NativeMethodAccessorImpl.invoke(NativeMethodAccessorImpl.java:57)
	at sun.reflect.DelegatingMethodAccessorImpl.invoke(DelegatingMethodAccessorImpl.java:43)
	at java.lang.reflect.Method.invoke(Method.java:606)
	at com.simontuffs.onejar.Boot.run(Boot.java:340)
	at com.simontuffs.onejar.Boot.main(Boot.java:166)
2014-03-16 21:38:49,446 [main] FATAL ui.AVRSim - Encountered fatal error...
java.lang.NullPointerException
	at parse.ReadAssem.getProgram(ReadAssem.java:37)
	at ui.AVRSim.loadAssemFile(AVRSim.java:67)
	at ui.AVRSim.run(AVRSim.java:76)
	at ui.Main.main(Main.java:134)
	at sun.reflect.NativeMethodAccessorImpl.invoke0(Native Method)
	at sun.reflect.NativeMethodAccessorImpl.invoke(NativeMethodAccessorImpl.java:57)
	at sun.reflect.DelegatingMethodAccessorImpl.invoke(DelegatingMethodAccessorImpl.java:43)
	at java.lang.reflect.Method.invoke(Method.java:606)
	at com.simontuffs.onejar.Boot.run(Boot.java:340)
	at com.simontuffs.onejar.Boot.main(Boot.java:166)
2014-03-16 21:41:27,400 [main] FATAL ui.AVRSim - Encountered error during runtime.
instructions.RuntimeError: Could not find label: MJ_L5
	at instructions.InstrJmp.execute(InstrJmp.java:33)
	at instructions.Instr.executeWrapper(Instr.java:43)
	at machine.MachineState.executeInstruction(MachineState.java:321)
	at ui.AVRSim.runAssem(AVRSim.java:97)
	at ui.AVRSim.run(AVRSim.java:82)
	at ui.Main.main(Main.java:134)
	at sun.reflect.NativeMethodAccessorImpl.invoke0(Native Method)
	at sun.reflect.NativeMethodAccessorImpl.invoke(NativeMethodAccessorImpl.java:57)
	at sun.reflect.DelegatingMethodAccessorImpl.invoke(DelegatingMethodAccessorImpl.java:43)
	at java.lang.reflect.Method.invoke(Method.java:606)
	at com.simontuffs.onejar.Boot.run(Boot.java:340)
	at com.simontuffs.onejar.Boot.main(Boot.java:166)
2014-03-16 21:41:52,831 [main] FATAL ui.AVRSim - Encountered error during runtime.
instructions.RuntimeError: Could not find label: MJ_L5
	at instructions.InstrJmp.execute(InstrJmp.java:33)
	at instructions.Instr.executeWrapper(Instr.java:43)
	at machine.MachineState.executeInstruction(MachineState.java:321)
	at ui.AVRSim.runAssem(AVRSim.java:97)
	at ui.AVRSim.run(AVRSim.java:82)
	at ui.Main.main(Main.java:134)
	at sun.reflect.NativeMethodAccessorImpl.invoke0(Native Method)
	at sun.reflect.NativeMethodAccessorImpl.invoke(NativeMethodAccessorImpl.java:57)
	at sun.reflect.DelegatingMethodAccessorImpl.invoke(DelegatingMethodAccessorImpl.java:43)
	at java.lang.reflect.Method.invoke(Method.java:606)
	at com.simontuffs.onejar.Boot.run(Boot.java:340)
	at com.simontuffs.onejar.Boot.main(Boot.java:166)
2014-03-16 21:54:48,864 [main] FATAL ui.AVRSim - Encountered error during runtime.
instructions.RuntimeError: Could not find label: MJ_L5
	at instructions.InstrJmp.execute(InstrJmp.java:33)
	at instructions.Instr.executeWrapper(Instr.java:43)
	at machine.MachineState.executeInstruction(MachineState.java:321)
	at ui.AVRSim.runAssem(AVRSim.java:97)
	at ui.AVRSim.run(AVRSim.java:82)
	at ui.Main.main(Main.java:134)
	at sun.reflect.NativeMethodAccessorImpl.invoke0(Native Method)
	at sun.reflect.NativeMethodAccessorImpl.invoke(NativeMethodAccessorImpl.java:57)
	at sun.reflect.DelegatingMethodAccessorImpl.invoke(DelegatingMethodAccessorImpl.java:43)
	at java.lang.reflect.Method.invoke(Method.java:606)
	at com.simontuffs.onejar.Boot.run(Boot.java:340)
	at com.simontuffs.onejar.Boot.main(Boot.java:166)
2014-03-16 21:56:21,417 [main] FATAL ui.AVRSim - Encountered fatal error...
java.lang.NullPointerException
	at parse.ReadAssem.getProgram(ReadAssem.java:37)
	at ui.AVRSim.loadAssemFile(AVRSim.java:67)
	at ui.AVRSim.run(AVRSim.java:76)
	at ui.Main.main(Main.java:134)
	at sun.reflect.NativeMethodAccessorImpl.invoke0(Native Method)
	at sun.reflect.NativeMethodAccessorImpl.invoke(NativeMethodAccessorImpl.java:57)
	at sun.reflect.DelegatingMethodAccessorImpl.invoke(DelegatingMethodAccessorImpl.java:43)
	at java.lang.reflect.Method.invoke(Method.java:606)
	at com.simontuffs.onejar.Boot.run(Boot.java:340)
	at com.simontuffs.onejar.Boot.main(Boot.java:166)
2014-03-16 22:56:48,826 [main] FATAL ui.AVRSim - Encountered error during runtime.
instructions.RuntimeError: Could not find label: MJ_L19
	at instructions.InstrJmp.execute(InstrJmp.java:33)
	at instructions.Instr.executeWrapper(Instr.java:43)
	at machine.MachineState.executeInstruction(MachineState.java:321)
	at ui.AVRSim.runAssem(AVRSim.java:97)
	at ui.AVRSim.run(AVRSim.java:82)
	at ui.Main.main(Main.java:134)
	at sun.reflect.NativeMethodAccessorImpl.invoke0(Native Method)
	at sun.reflect.NativeMethodAccessorImpl.invoke(NativeMethodAccessorImpl.java:57)
	at sun.reflect.DelegatingMethodAccessorImpl.invoke(DelegatingMethodAccessorImpl.java:43)
	at java.lang.reflect.Method.invoke(Method.java:606)
	at com.simontuffs.onejar.Boot.run(Boot.java:340)
	at com.simontuffs.onejar.Boot.main(Boot.java:166)
2014-03-16 22:57:00,942 [main] FATAL ui.AVRSim - Encountered error during runtime.
instructions.RuntimeError: Could not find label: MJ_L19
	at instructions.InstrJmp.execute(InstrJmp.java:33)
	at instructions.Instr.executeWrapper(Instr.java:43)
	at machine.MachineState.executeInstruction(MachineState.java:321)
	at ui.AVRSim.runAssem(AVRSim.java:97)
	at ui.AVRSim.run(AVRSim.java:82)
	at ui.Main.main(Main.java:134)
	at sun.reflect.NativeMethodAccessorImpl.invoke0(Native Method)
	at sun.reflect.NativeMethodAccessorImpl.invoke(NativeMethodAccessorImpl.java:57)
	at sun.reflect.DelegatingMethodAccessorImpl.invoke(DelegatingMethodAccessorImpl.java:43)
	at java.lang.reflect.Method.invoke(Method.java:606)
	at com.simontuffs.onejar.Boot.run(Boot.java:340)
	at com.simontuffs.onejar.Boot.main(Boot.java:166)
2014-03-16 22:58:36,015 [main] FATAL ui.AVRSim - Encountered error during runtime.
instructions.RuntimeError: Could not find label: MJ_L10
	at instructions.InstrJmp.execute(InstrJmp.java:33)
	at instructions.Instr.executeWrapper(Instr.java:43)
	at machine.MachineState.executeInstruction(MachineState.java:321)
	at ui.AVRSim.runAssem(AVRSim.java:97)
	at ui.AVRSim.run(AVRSim.java:82)
	at ui.Main.main(Main.java:134)
	at sun.reflect.NativeMethodAccessorImpl.invoke0(Native Method)
	at sun.reflect.NativeMethodAccessorImpl.invoke(NativeMethodAccessorImpl.java:57)
	at sun.reflect.DelegatingMethodAccessorImpl.invoke(DelegatingMethodAccessorImpl.java:43)
	at java.lang.reflect.Method.invoke(Method.java:606)
	at com.simontuffs.onejar.Boot.run(Boot.java:340)
	at com.simontuffs.onejar.Boot.main(Boot.java:166)
2014-03-16 23:16:15,210 [main] FATAL ui.AVRSim - Encountered fatal error...
java.lang.ClassCastException: instructions.InstrPop cannot be cast to java.util.List
	at parse.ReadAssem.getProgram(ReadAssem.java:37)
	at ui.AVRSim.loadAssemFile(AVRSim.java:67)
	at ui.AVRSim.run(AVRSim.java:76)
	at ui.Main.main(Main.java:134)
	at sun.reflect.NativeMethodAccessorImpl.invoke0(Native Method)
	at sun.reflect.NativeMethodAccessorImpl.invoke(NativeMethodAccessorImpl.java:57)
	at sun.reflect.DelegatingMethodAccessorImpl.invoke(DelegatingMethodAccessorImpl.java:43)
	at java.lang.reflect.Method.invoke(Method.java:606)
	at com.simontuffs.onejar.Boot.run(Boot.java:340)
	at com.simontuffs.onejar.Boot.main(Boot.java:166)
2014-03-16 23:40:50,292 [main] FATAL ui.AVRSim - Encountered error during runtime.
instructions.RuntimeError: Could not find label: MJ_L1
	at instructions.InstrBRNE.execute(InstrBRNE.java:26)
	at instructions.Instr.executeWrapper(Instr.java:43)
	at machine.MachineState.executeInstruction(MachineState.java:321)
	at ui.AVRSim.runAssem(AVRSim.java:97)
	at ui.AVRSim.run(AVRSim.java:82)
	at ui.Main.main(Main.java:134)
	at sun.reflect.NativeMethodAccessorImpl.invoke0(Native Method)
	at sun.reflect.NativeMethodAccessorImpl.invoke(NativeMethodAccessorImpl.java:57)
	at sun.reflect.DelegatingMethodAccessorImpl.invoke(DelegatingMethodAccessorImpl.java:43)
	at java.lang.reflect.Method.invoke(Method.java:606)
	at com.simontuffs.onejar.Boot.run(Boot.java:340)
	at com.simontuffs.onejar.Boot.main(Boot.java:166)
2014-03-27 16:51:52,332 [main] FATAL ui.AVRSim - Encountered fatal error...
java.lang.ArrayIndexOutOfBoundsException: 8
	at machine.MachineState.setDisplaySlate(MachineState.java:523)
	at machine.functions.FuncSetPix.exec(FuncSetPix.java:34)
	at instructions.InstrCall.execute(InstrCall.java:38)
	at instructions.Instr.executeWrapper(Instr.java:43)
	at machine.MachineState.executeInstruction(MachineState.java:321)
	at ui.AVRSim.runAssem(AVRSim.java:97)
	at ui.AVRSim.run(AVRSim.java:82)
	at ui.Main.main(Main.java:134)
	at sun.reflect.NativeMethodAccessorImpl.invoke0(Native Method)
	at sun.reflect.NativeMethodAccessorImpl.invoke(NativeMethodAccessorImpl.java:57)
	at sun.reflect.DelegatingMethodAccessorImpl.invoke(DelegatingMethodAccessorImpl.java:43)
	at java.lang.reflect.Method.invoke(Method.java:606)
	at com.simontuffs.onejar.Boot.run(Boot.java:340)
	at com.simontuffs.onejar.Boot.main(Boot.java:166)
2014-03-27 16:54:01,659 [main] FATAL ui.AVRSim - Encountered fatal error...
java.lang.ArrayIndexOutOfBoundsException: 255
	at machine.MachineState.setDisplaySlate(MachineState.java:523)
	at machine.functions.FuncSetPix.exec(FuncSetPix.java:34)
	at instructions.InstrCall.execute(InstrCall.java:38)
	at instructions.Instr.executeWrapper(Instr.java:43)
	at machine.MachineState.executeInstruction(MachineState.java:321)
	at ui.AVRSim.runAssem(AVRSim.java:97)
	at ui.AVRSim.run(AVRSim.java:82)
	at ui.Main.main(Main.java:134)
	at sun.reflect.NativeMethodAccessorImpl.invoke0(Native Method)
	at sun.reflect.NativeMethodAccessorImpl.invoke(NativeMethodAccessorImpl.java:57)
	at sun.reflect.DelegatingMethodAccessorImpl.invoke(DelegatingMethodAccessorImpl.java:43)
	at java.lang.reflect.Method.invoke(Method.java:606)
	at com.simontuffs.onejar.Boot.run(Boot.java:340)
	at com.simontuffs.onejar.Boot.main(Boot.java:166)
2014-03-27 22:17:29,550 [main] FATAL ui.AVRSim - Encountered fatal error...
java.lang.ArrayIndexOutOfBoundsException: 11
	at machine.MachineState.setDisplaySlate(MachineState.java:523)
	at machine.functions.FuncSetPix.exec(FuncSetPix.java:34)
	at instructions.InstrCall.execute(InstrCall.java:38)
	at instructions.Instr.executeWrapper(Instr.java:43)
	at machine.MachineState.executeInstruction(MachineState.java:321)
	at ui.AVRSim.runAssem(AVRSim.java:97)
	at ui.AVRSim.run(AVRSim.java:82)
	at ui.Main.main(Main.java:134)
	at sun.reflect.NativeMethodAccessorImpl.invoke0(Native Method)
	at sun.reflect.NativeMethodAccessorImpl.invoke(NativeMethodAccessorImpl.java:57)
	at sun.reflect.DelegatingMethodAccessorImpl.invoke(DelegatingMethodAccessorImpl.java:43)
	at java.lang.reflect.Method.invoke(Method.java:606)
	at com.simontuffs.onejar.Boot.run(Boot.java:340)
	at com.simontuffs.onejar.Boot.main(Boot.java:166)
2014-03-27 22:49:12,795 [main] FATAL ui.AVRSim - Encountered fatal error...
java.lang.ArrayIndexOutOfBoundsException: 11
	at machine.MachineState.setDisplaySlate(MachineState.java:523)
	at machine.functions.FuncSetPix.exec(FuncSetPix.java:34)
	at instructions.InstrCall.execute(InstrCall.java:38)
	at instructions.Instr.executeWrapper(Instr.java:43)
	at machine.MachineState.executeInstruction(MachineState.java:321)
	at ui.AVRSim.runAssem(AVRSim.java:97)
	at ui.AVRSim.run(AVRSim.java:82)
	at ui.Main.main(Main.java:134)
	at sun.reflect.NativeMethodAccessorImpl.invoke0(Native Method)
	at sun.reflect.NativeMethodAccessorImpl.invoke(NativeMethodAccessorImpl.java:57)
	at sun.reflect.DelegatingMethodAccessorImpl.invoke(DelegatingMethodAccessorImpl.java:43)
	at java.lang.reflect.Method.invoke(Method.java:606)
	at com.simontuffs.onejar.Boot.run(Boot.java:340)
	at com.simontuffs.onejar.Boot.main(Boot.java:166)
2014-03-27 23:14:47,737 [main] FATAL ui.AVRSim - Encountered fatal error...
java.lang.ArrayIndexOutOfBoundsException: 255
	at machine.MachineState.setDisplaySlate(MachineState.java:523)
	at machine.functions.FuncSetPix.exec(FuncSetPix.java:34)
	at instructions.InstrCall.execute(InstrCall.java:38)
	at instructions.Instr.executeWrapper(Instr.java:43)
	at machine.MachineState.executeInstruction(MachineState.java:321)
	at ui.AVRSim.runAssem(AVRSim.java:97)
	at ui.AVRSim.run(AVRSim.java:82)
	at ui.Main.main(Main.java:134)
	at sun.reflect.NativeMethodAccessorImpl.invoke0(Native Method)
	at sun.reflect.NativeMethodAccessorImpl.invoke(NativeMethodAccessorImpl.java:57)
	at sun.reflect.DelegatingMethodAccessorImpl.invoke(DelegatingMethodAccessorImpl.java:43)
	at java.lang.reflect.Method.invoke(Method.java:606)
	at com.simontuffs.onejar.Boot.run(Boot.java:340)
	at com.simontuffs.onejar.Boot.main(Boot.java:166)
2014-03-27 23:24:30,183 [main] FATAL ui.AVRSim - Encountered fatal error...
java.lang.ArrayIndexOutOfBoundsException: 8
	at machine.MachineState.setDisplaySlate(MachineState.java:523)
	at machine.functions.FuncSetPix.exec(FuncSetPix.java:34)
	at instructions.InstrCall.execute(InstrCall.java:38)
	at instructions.Instr.executeWrapper(Instr.java:43)
	at machine.MachineState.executeInstruction(MachineState.java:321)
	at ui.AVRSim.runAssem(AVRSim.java:97)
	at ui.AVRSim.run(AVRSim.java:82)
	at ui.Main.main(Main.java:134)
	at sun.reflect.NativeMethodAccessorImpl.invoke0(Native Method)
	at sun.reflect.NativeMethodAccessorImpl.invoke(NativeMethodAccessorImpl.java:57)
	at sun.reflect.DelegatingMethodAccessorImpl.invoke(DelegatingMethodAccessorImpl.java:43)
	at java.lang.reflect.Method.invoke(Method.java:606)
	at com.simontuffs.onejar.Boot.run(Boot.java:340)
	at com.simontuffs.onejar.Boot.main(Boot.java:166)
2014-03-30 20:30:59,672 [main] FATAL ui.AVRSim - Encountered fatal error...
java.lang.NullPointerException
	at parse.ReadAssem.getProgram(ReadAssem.java:37)
	at ui.AVRSim.loadAssemFile(AVRSim.java:67)
	at ui.AVRSim.run(AVRSim.java:76)
	at ui.Main.main(Main.java:134)
	at sun.reflect.NativeMethodAccessorImpl.invoke0(Native Method)
	at sun.reflect.NativeMethodAccessorImpl.invoke(NativeMethodAccessorImpl.java:57)
	at sun.reflect.DelegatingMethodAccessorImpl.invoke(DelegatingMethodAccessorImpl.java:43)
	at java.lang.reflect.Method.invoke(Method.java:606)
	at com.simontuffs.onejar.Boot.run(Boot.java:340)
	at com.simontuffs.onejar.Boot.main(Boot.java:166)
2014-03-30 20:34:28,292 [main] FATAL ui.AVRSim - Encountered fatal error...
java.lang.NullPointerException
	at parse.ReadAssem.getProgram(ReadAssem.java:37)
	at ui.AVRSim.loadAssemFile(AVRSim.java:67)
	at ui.AVRSim.run(AVRSim.java:76)
	at ui.Main.main(Main.java:134)
	at sun.reflect.NativeMethodAccessorImpl.invoke0(Native Method)
	at sun.reflect.NativeMethodAccessorImpl.invoke(NativeMethodAccessorImpl.java:57)
	at sun.reflect.DelegatingMethodAccessorImpl.invoke(DelegatingMethodAccessorImpl.java:43)
	at java.lang.reflect.Method.invoke(Method.java:606)
	at com.simontuffs.onejar.Boot.run(Boot.java:340)
	at com.simontuffs.onejar.Boot.main(Boot.java:166)
2014-03-30 21:09:15,384 [main] FATAL ui.AVRSim - Encountered error during runtime.
instructions.RuntimeError: Could not find label: MJ_L59
	at instructions.InstrJmp.execute(InstrJmp.java:33)
	at instructions.Instr.executeWrapper(Instr.java:43)
	at machine.MachineState.executeInstruction(MachineState.java:321)
	at ui.AVRSim.runAssem(AVRSim.java:97)
	at ui.AVRSim.run(AVRSim.java:82)
	at ui.Main.main(Main.java:134)
	at sun.reflect.NativeMethodAccessorImpl.invoke0(Native Method)
	at sun.reflect.NativeMethodAccessorImpl.invoke(NativeMethodAccessorImpl.java:57)
	at sun.reflect.DelegatingMethodAccessorImpl.invoke(DelegatingMethodAccessorImpl.java:43)
	at java.lang.reflect.Method.invoke(Method.java:606)
	at com.simontuffs.onejar.Boot.run(Boot.java:340)
	at com.simontuffs.onejar.Boot.main(Boot.java:166)
2014-03-30 22:05:54,684 [main] FATAL ui.AVRSim - Encountered fatal error...
java.lang.NullPointerException
	at parse.ReadAssem.getProgram(ReadAssem.java:37)
	at ui.AVRSim.loadAssemFile(AVRSim.java:67)
	at ui.AVRSim.run(AVRSim.java:76)
	at ui.Main.main(Main.java:134)
	at sun.reflect.NativeMethodAccessorImpl.invoke0(Native Method)
	at sun.reflect.NativeMethodAccessorImpl.invoke(NativeMethodAccessorImpl.java:57)
	at sun.reflect.DelegatingMethodAccessorImpl.invoke(DelegatingMethodAccessorImpl.java:43)
	at java.lang.reflect.Method.invoke(Method.java:606)
	at com.simontuffs.onejar.Boot.run(Boot.java:340)
	at com.simontuffs.onejar.Boot.main(Boot.java:166)
